2024-08-29 15:47:48.052 [info] Added views:workbench.panel.markers.view in workbench.panel.markers
2024-08-29 15:47:48.052 [info] Added views:workbench.panel.output in workbench.panel.output
2024-08-29 15:47:48.052 [info] Added views:terminal in terminal
2024-08-29 15:47:48.052 [info] Added views:outline in workbench.view.explorer
2024-08-29 15:47:48.052 [info] Added views:workbench.scm in workbench.view.scm
2024-08-29 15:47:48.052 [info] Added views:workbench.view.search in workbench.view.search
2024-08-29 15:47:48.052 [info] Added views:timeline in workbench.view.explorer
2024-08-29 15:47:48.052 [info] Added views:workbench.explorer.emptyView in workbench.view.explorer
2024-08-29 15:47:48.380 [info] Added views:workbench.debug.welcome in workbench.view.debug
2024-08-29 15:47:48.407 [info] Added views:workbench.panel.repl.view in workbench.panel.repl
2024-08-29 15:47:48.570 [info] Added views:~remote.forwardedPorts in ~remote.forwardedPortsContainer
2024-08-29 15:47:53.979 [info] Added views:workbench.views.extensions.installed,workbench.views.extensions.popular,extensions.recommendedList in workbench.view.extensions
2024-08-29 15:47:53.980 [info] Removed views:workbench.views.extensions.popular from workbench.view.extensions
2024-08-29 15:47:54.097 [info] Added views:workbench.views.extensions.popular in workbench.view.extensions
2024-08-29 15:50:29.377 [info] Removed views:extensions.recommendedList,workbench.views.extensions.popular,workbench.views.extensions.installed from workbench.view.extensions
2024-08-29 15:50:29.382 [info] Added views:workbench.views.extensions.marketplace in workbench.view.extensions
2024-08-29 15:50:34.197 [info] Removed views:workbench.views.extensions.marketplace from workbench.view.extensions
2024-08-29 15:50:34.205 [info] Added views:workbench.views.extensions.installed,workbench.views.extensions.popular,extensions.recommendedList in workbench.view.extensions
2024-08-29 15:50:36.353 [info] Removed views:extensions.recommendedList,workbench.views.extensions.popular,workbench.views.extensions.installed from workbench.view.extensions
2024-08-29 15:50:36.357 [info] Added views:workbench.views.extensions.marketplace in workbench.view.extensions
